<?xml version="1.0" encoding="UTF-8"?>
<!-- Generated by org.testng.reporters.JUnitReportReporter -->
<testsuite hostname="DESKTOP-B3DFAUD" failures="0" tests="1" name="test.AddtoCart_Test" time="21.102" errors="0" timestamp="2023-07-25T16:52:20 IST" skipped="0">
  <testcase classname="test.AddtoCart_Test" name="addtoCart" time="21.102"/>
</testsuite> <!-- test.AddtoCart_Test -->
